<?xml version="1.0" encoding="UTF-8" ?>
<testsuite tests="1" failures="1" name="com.sr.tests.DemoTest" time="6.208" errors="0" skipped="0">
  <properties>
[...]
</properties>
  <testcase classname="com.sr.tests.DemoTest" name="testLogin" time="6.208">
    <failure message="session not created: This version of ChromeDriver only supports Chrome version 114
Current browser version is 119.0.6045.124 with binary path C:\Users\Dell\AppData\Local\Google\Chrome\Application\chrome.exe
Build info: version: &apos;3.141.59&apos;, revision: &apos;e82be7d358&apos;, time: &apos;2018-11-14T08:17:03&apos;
System info: host: &apos;DESKTOP-81DQ3B8&apos;, ip: &apos;172.25.176.1&apos;, os.name: &apos;Windows 10&apos;, os.arch: &apos;amd64&apos;, os.version: &apos;10.0&apos;, java.version: &apos;16.0.1&apos;
Driver info: driver.version: ChromeDriver
remote stacktrace: Backtrace:
	GetHandleVerifier [0x009FA813+48355]
	(No symbol) [0x0098C4B1]
	(No symbol) [0x00895358]
	(No symbol) [0x008B61AC]
	(No symbol) [0x008B1EF3]
	(No symbol) [0x008B0579]
	(No symbol) [0x008E0C55]
	(No symbol) [0x008E093C]
	(No symbol) [0x008DA536]
	(No symbol) [0x008B82DC]
	(No symbol) [0x008B93DD]
	GetHandleVerifier [0x00C5AABD+2539405]
	GetHandleVerifier [0x00C9A78F+2800735]
	GetHandleVerifier [0x00C9456C+2775612]
	GetHandleVerifier [0x00A851E0+616112]
	(No symbol) [0x00995F8C]
	(No symbol) [0x00992328]
	(No symbol) [0x0099240B]
	(No symbol) [0x00984FF7]
	BaseThreadInitThunk [0x7704FCC9+25]
	RtlGetAppContainerNamedObjectPath [0x77257C6E+286]
	RtlGetAppContainerNamedObjectPath [0x77257C3E+238]
" type="org.openqa.selenium.SessionNotCreatedException">org.openqa.selenium.SessionNotCreatedException: session not created: This version of ChromeDriver only supports Chrome version 114
Current browser version is 119.0.6045.124 with binary path C:\Users\Dell\AppData\Local\Google\Chrome\Application\chrome.exe
Build info: version: &apos;3.141.59&apos;, revision: &apos;e82be7d358&apos;, time: &apos;2018-11-14T08:17:03&apos;
System info: host: &apos;DESKTOP-81DQ3B8&apos;, ip: &apos;172.25.176.1&apos;, os.name: &apos;Windows 10&apos;, os.arch: &apos;amd64&apos;, os.version: &apos;10.0&apos;, java.version: &apos;16.0.1&apos;
Driver info: driver.version: ChromeDriver
remote stacktrace: Backtrace:
	GetHandleVerifier [0x009FA813+48355]
	(No symbol) [0x0098C4B1]
	(No symbol) [0x00895358]
	(No symbol) [0x008B61AC]
	(No symbol) [0x008B1EF3]
	(No symbol) [0x008B0579]
	(No symbol) [0x008E0C55]
	(No symbol) [0x008E093C]
	(No symbol) [0x008DA536]
	(No symbol) [0x008B82DC]
	(No symbol) [0x008B93DD]
	GetHandleVerifier [0x00C5AABD+2539405]
	GetHandleVerifier [0x00C9A78F+2800735]
	GetHandleVerifier [0x00C9456C+2775612]
	GetHandleVerifier [0x00A851E0+616112]
	(No symbol) [0x00995F8C]
	(No symbol) [0x00992328]
	(No symbol) [0x0099240B]
	(No symbol) [0x00984FF7]
	BaseThreadInitThunk [0x7704FCC9+25]
	RtlGetAppContainerNamedObjectPath [0x77257C6E+286]
	RtlGetAppContainerNamedObjectPath [0x77257C3E+238]

	at java.base/jdk.internal.reflect.NativeConstructorAccessorImpl.newInstance0(Native Method)
	at java.base/jdk.internal.reflect.NativeConstructorAccessorImpl.newInstance(NativeConstructorAccessorImpl.java:78)
	at java.base/jdk.internal.reflect.DelegatingConstructorAccessorImpl.newInstance(DelegatingConstructorAccessorImpl.java:45)
	at java.base/java.lang.reflect.Constructor.newInstanceWithCaller(Constructor.java:499)
	at java.base/java.lang.reflect.Constructor.newInstance(Constructor.java:480)
	at org.openqa.selenium.remote.W3CHandshakeResponse.lambda$errorHandler$0(W3CHandshakeResponse.java:62)
	at org.openqa.selenium.remote.HandshakeResponse.lambda$getResponseFunction$0(HandshakeResponse.java:30)
	at org.openqa.selenium.remote.ProtocolHandshake.lambda$createSession$0(ProtocolHandshake.java:126)
	at java.base/java.util.stream.ReferencePipeline$3$1.accept(ReferencePipeline.java:197)
	at java.base/java.util.Spliterators$ArraySpliterator.tryAdvance(Spliterators.java:958)
	at java.base/java.util.stream.ReferencePipeline.forEachWithCancel(ReferencePipeline.java:129)
	at java.base/java.util.stream.AbstractPipeline.copyIntoWithCancel(AbstractPipeline.java:502)
	at java.base/java.util.stream.AbstractPipeline.copyInto(AbstractPipeline.java:488)
	at java.base/java.util.stream.AbstractPipeline.wrapAndCopyInto(AbstractPipeline.java:474)
	at java.base/java.util.stream.FindOps$FindOp.evaluateSequential(FindOps.java:150)
	at java.base/java.util.stream.AbstractPipeline.evaluate(AbstractPipeline.java:234)
	at java.base/java.util.stream.ReferencePipeline.findFirst(ReferencePipeline.java:647)
	at org.openqa.selenium.remote.ProtocolHandshake.createSession(ProtocolHandshake.java:128)
	at org.openqa.selenium.remote.ProtocolHandshake.createSession(ProtocolHandshake.java:74)
	at org.openqa.selenium.remote.HttpCommandExecutor.execute(HttpCommandExecutor.java:136)
	at org.openqa.selenium.remote.service.DriverCommandExecutor.execute(DriverCommandExecutor.java:83)
	at org.openqa.selenium.remote.RemoteWebDriver.execute(RemoteWebDriver.java:552)
	at org.openqa.selenium.remote.RemoteWebDriver.startSession(RemoteWebDriver.java:213)
	at org.openqa.selenium.remote.RemoteWebDriver.&lt;init&gt;(RemoteWebDriver.java:131)
	at org.openqa.selenium.chrome.ChromeDriver.&lt;init&gt;(ChromeDriver.java:181)
	at org.openqa.selenium.chrome.ChromeDriver.&lt;init&gt;(ChromeDriver.java:168)
	at org.openqa.selenium.chrome.ChromeDriver.&lt;init&gt;(ChromeDriver.java:123)
	at com.sr.tests.DemoTest.testLogin(DemoTest.java:22)
</failure>
    <system-out>Configuring TestNG with: org.apache.maven.surefire.testng.conf.TestNG652Configurator@6a1aab78
CHROME
</system-out>
    <system-err>SLF4J: Failed to load class &quot;org.slf4j.impl.StaticLoggerBinder&quot;.
SLF4J: Defaulting to no-operation (NOP) logger implementation
SLF4J: See http://www.slf4j.org/codes.html#StaticLoggerBinder for further details.
Starting ChromeDriver 114.0.5735.90 (386bc09e8f4f2e025eddae123f36f6263096ae49-refs/branch-heads/5735@{#1052}) on port 17946
Only local connections are allowed.
Please see https://chromedriver.chromium.org/security-considerations for suggestions on keeping ChromeDriver safe.
ChromeDriver was started successfully.
</system-err>
  </testcase>
</testsuite>