<?xml version="1.0" encoding="UTF-8"?>
<testng-results ignored="0" total="1" passed="1" failed="0" skipped="0">
  <reporter-output>
  </reporter-output>
  <suite started-at="2023-12-20T12:27:28 IST" name="Default suite" finished-at="2023-12-20T12:27:34 IST" duration-ms="5973">
    <groups>
    </groups>
    <test started-at="2023-12-20T12:27:28 IST" name="Default test" finished-at="2023-12-20T12:27:34 IST" duration-ms="5973">
      <class name="com.sr.tests.DemoTest">
        <test-method signature="testLogin()[pri:0, instance:com.sr.tests.DemoTest@264f218]" started-at="2023-12-20T12:27:28 IST" name="testLogin" finished-at="2023-12-20T12:27:34 IST" duration-ms="5940" status="PASS">
          <reporter-output>
          </reporter-output>
        </test-method> <!-- testLogin -->
      </class> <!-- com.sr.tests.DemoTest -->
    </test> <!-- Default test -->
  </suite> <!-- Default suite -->
</testng-results>
